<?xml version="1.0" encoding="UTF-8"?>
<!-- Generated by org.testng.reporters.JUnitXMLReporter -->
<testsuite ignored="0" hostname="DESKTOP-8A91SO9" failures="0" tests="10" name="CarInsuranceErrorMessageTest" time="17.877" errors="0" timestamp="2021-04-15T14:26:54 IST">
  <testcase classname="testcases.CarInsuranceErrorMessageTest" name="clickCarInsuranceTest" time="0.966"/>
  <testcase classname="testcases.CarInsuranceErrorMessageTest" name="clickProceedButtonTest" time="4.813"/>
  <testcase classname="testcases.CarInsuranceErrorMessageTest" name="selectCityTest" time="0.744"/>
  <testcase classname="testcases.CarInsuranceErrorMessageTest" name="selectCarBrandTest" time="0.528"/>
  <testcase classname="testcases.CarInsuranceErrorMessageTest" name="selectCarModelTest" time="0.464"/>
  <testcase classname="testcases.CarInsuranceErrorMessageTest" name="chooseFuelTypeTest" time="1.123"/>
  <testcase classname="testcases.CarInsuranceErrorMessageTest" name="selectCarVariantTest" time="0.314"/>
  <testcase classname="testcases.CarInsuranceErrorMessageTest" name="selectYearTest" time="0.675"/>
  <testcase classname="testcases.CarInsuranceErrorMessageTest" name="fillDetailsTest" time="2.223"/>
  <testcase classname="testcases.CarInsuranceErrorMessageTest" name="takeScreenshotTest" time="0.685"/>
</testsuite> <!-- CarInsuranceErrorMessageTest -->
