<?xml version="1.0" encoding="UTF-8"?>
<!-- Generated by org.testng.reporters.JUnitXMLReporter -->
<testsuite ignored="0" hostname="DESKTOP-8A91SO9" failures="0" tests="3" name="TravelInsuranceDetailsTest" time="73.727" errors="0" timestamp="2021-04-15T14:26:36 IST">
  <testcase classname="testcases.TravelInsuranceDetailsTest" name="homePageTitle" time="8.126"/>
  <testcase classname="testcases.TravelInsuranceDetailsTest" name="checkExcelData" time="32.295"/>
  <testcase classname="testcases.TravelInsuranceDetailsTest" name="checkExcelData" time="28.422"/>
</testsuite> <!-- TravelInsuranceDetailsTest -->
