<?xml version="1.0" encoding="UTF-8"?>
<!-- Generated by org.testng.reporters.JUnitXMLReporter -->
<testsuite ignored="0" hostname="DESKTOP-8A91SO9" failures="0" tests="14" name="Surefire test" time="204.795" errors="0" timestamp="2021-04-16T09:42:43 IST">
  <testcase classname="testcases.CarInsuranceErrorMessageTest" name="clickCarInsuranceTest" time="8.792"/>
  <testcase classname="testcases.CarInsuranceErrorMessageTest" name="clickProceedButtonTest" time="5.117"/>
  <testcase classname="testcases.CarInsuranceErrorMessageTest" name="selectCityTest" time="2.053"/>
  <testcase classname="testcases.CarInsuranceErrorMessageTest" name="selectCarBrandTest" time="1.215"/>
  <testcase classname="testcases.CarInsuranceErrorMessageTest" name="selectCarModelTest" time="0.875"/>
  <testcase classname="testcases.CarInsuranceErrorMessageTest" name="chooseFuelTypeTest" time="1.122"/>
  <testcase classname="testcases.CarInsuranceErrorMessageTest" name="selectCarVariantTest" time="0.632"/>
  <testcase classname="testcases.CarInsuranceErrorMessageTest" name="selectYearTest" time="1.1"/>
  <testcase classname="testcases.CarInsuranceErrorMessageTest" name="fillDetailsTest" time="22.974"/>
  <testcase classname="testcases.CarInsuranceErrorMessageTest" name="takeScreenshotTest" time="1.722"/>
  <testcase classname="testcases.HealthInsuranceMenuItemsTest" name="listValuesTest" time="9.675"/>
  <testcase classname="testcases.TravelInsuranceDetailsTest" name="homePageTitle" time="21.058"/>
  <testcase classname="testcases.TravelInsuranceDetailsTest" name="checkExcelData" time="56.42"/>
  <testcase classname="testcases.TravelInsuranceDetailsTest" name="checkExcelData" time="51.451"/>
</testsuite> <!-- Surefire test -->
