<?xml version="1.0" encoding="UTF-8"?>
<testsuite xmlns:xsi="http://www.w3.org/2001/XMLSchema-instance" xsi:noNamespaceSchemaLocation="https://maven.apache.org/surefire/maven-surefire-plugin/xsd/surefire-test-report.xsd" name="TestSuite" time="287.582" tests="14" errors="0" skipped="0" failures="0">
  <properties>
[...]
</properties>
  <testcase name="clickCarInsuranceTest" classname="testcases.CarInsuranceErrorMessageTest" time="8.835"/>
  <testcase name="clickProceedButtonTest" classname="testcases.CarInsuranceErrorMessageTest" time="5.215"/>
  <testcase name="selectCityTest" classname="testcases.CarInsuranceErrorMessageTest" time="2.103"/>
  <testcase name="selectCarBrandTest" classname="testcases.CarInsuranceErrorMessageTest" time="1.279"/>
  <testcase name="selectCarModelTest" classname="testcases.CarInsuranceErrorMessageTest" time="0.937"/>
  <testcase name="chooseFuelTypeTest" classname="testcases.CarInsuranceErrorMessageTest" time="1.205"/>
  <testcase name="selectCarVariantTest" classname="testcases.CarInsuranceErrorMessageTest" time="0.634"/>
  <testcase name="selectYearTest" classname="testcases.CarInsuranceErrorMessageTest" time="1.172"/>
  <testcase name="fillDetailsTest" classname="testcases.CarInsuranceErrorMessageTest" time="22.978"/>
  <testcase name="takeScreenshotTest" classname="testcases.CarInsuranceErrorMessageTest" time="1.732"/>
  <testcase name="listValuesTest" classname="testcases.HealthInsuranceMenuItemsTest" time="9.68"/>
  <testcase name="homePageTitle" classname="testcases.TravelInsuranceDetailsTest" time="21.12"/>
  <testcase name="checkExcelData" classname="testcases.TravelInsuranceDetailsTest" time="56.437"/>
  <testcase name="checkExcelData" classname="testcases.TravelInsuranceDetailsTest" time="51.478"/>
</testsuite>