<?xml version="1.0" encoding="UTF-8"?>
<testng-results ignored="0" total="14" passed="14" failed="0" skipped="0">
  <reporter-output>
  </reporter-output>
  <suite started-at="2021-04-16T09:39:18 IST" name="Surefire suite" finished-at="2021-04-16T09:42:43 IST" duration-ms="204795">
    <groups>
      <group name="Regression">
        <method signature="CarInsuranceErrorMessageTest.chooseFuelTypeTest()[pri:6, instance:testcases.CarInsuranceErrorMessageTest@5bc9ba1d]" name="chooseFuelTypeTest" class="testcases.CarInsuranceErrorMessageTest"/>
        <method signature="CarInsuranceErrorMessageTest.clickCarInsuranceTest()[pri:1, instance:testcases.CarInsuranceErrorMessageTest@5bc9ba1d]" name="clickCarInsuranceTest" class="testcases.CarInsuranceErrorMessageTest"/>
        <method signature="CarInsuranceErrorMessageTest.clickProceedButtonTest()[pri:2, instance:testcases.CarInsuranceErrorMessageTest@5bc9ba1d]" name="clickProceedButtonTest" class="testcases.CarInsuranceErrorMessageTest"/>
        <method signature="CarInsuranceErrorMessageTest.fillDetailsTest()[pri:9, instance:testcases.CarInsuranceErrorMessageTest@5bc9ba1d]" name="fillDetailsTest" class="testcases.CarInsuranceErrorMessageTest"/>
        <method signature="CarInsuranceErrorMessageTest.selectCarBrandTest()[pri:4, instance:testcases.CarInsuranceErrorMessageTest@5bc9ba1d]" name="selectCarBrandTest" class="testcases.CarInsuranceErrorMessageTest"/>
        <method signature="CarInsuranceErrorMessageTest.selectCarModelTest()[pri:5, instance:testcases.CarInsuranceErrorMessageTest@5bc9ba1d]" name="selectCarModelTest" class="testcases.CarInsuranceErrorMessageTest"/>
        <method signature="CarInsuranceErrorMessageTest.selectCarVariantTest()[pri:7, instance:testcases.CarInsuranceErrorMessageTest@5bc9ba1d]" name="selectCarVariantTest" class="testcases.CarInsuranceErrorMessageTest"/>
        <method signature="CarInsuranceErrorMessageTest.selectCityTest()[pri:3, instance:testcases.CarInsuranceErrorMessageTest@5bc9ba1d]" name="selectCityTest" class="testcases.CarInsuranceErrorMessageTest"/>
        <method signature="CarInsuranceErrorMessageTest.selectYearTest()[pri:8, instance:testcases.CarInsuranceErrorMessageTest@5bc9ba1d]" name="selectYearTest" class="testcases.CarInsuranceErrorMessageTest"/>
        <method signature="CarInsuranceErrorMessageTest.takeScreenshotTest()[pri:10, instance:testcases.CarInsuranceErrorMessageTest@5bc9ba1d]" name="takeScreenshotTest" class="testcases.CarInsuranceErrorMessageTest"/>
        <method signature="TravelInsuranceDetailsTest.checkExcelData(java.lang.String)[pri:2, instance:testcases.TravelInsuranceDetailsTest@68b6f0d6]" name="checkExcelData" class="testcases.TravelInsuranceDetailsTest"/>
        <method signature="TravelInsuranceDetailsTest.homePageTitle()[pri:1, instance:testcases.TravelInsuranceDetailsTest@68b6f0d6]" name="homePageTitle" class="testcases.TravelInsuranceDetailsTest"/>
      </group> <!-- Regression -->
      <group name="Smoke">
        <method signature="CarInsuranceErrorMessageTest.clickCarInsuranceTest()[pri:1, instance:testcases.CarInsuranceErrorMessageTest@5bc9ba1d]" name="clickCarInsuranceTest" class="testcases.CarInsuranceErrorMessageTest"/>
        <method signature="CarInsuranceErrorMessageTest.selectCarBrandTest()[pri:4, instance:testcases.CarInsuranceErrorMessageTest@5bc9ba1d]" name="selectCarBrandTest" class="testcases.CarInsuranceErrorMessageTest"/>
        <method signature="HealthInsuranceMenuItemsTest.listValuesTest()[pri:1, instance:testcases.HealthInsuranceMenuItemsTest@2974f221]" name="listValuesTest" class="testcases.HealthInsuranceMenuItemsTest"/>
        <method signature="TravelInsuranceDetailsTest.homePageTitle()[pri:1, instance:testcases.TravelInsuranceDetailsTest@68b6f0d6]" name="homePageTitle" class="testcases.TravelInsuranceDetailsTest"/>
      </group> <!-- Smoke -->
      <group name="Default">
        <method signature="CarInsuranceErrorMessageTest.chooseFuelTypeTest()[pri:6, instance:testcases.CarInsuranceErrorMessageTest@5bc9ba1d]" name="chooseFuelTypeTest" class="testcases.CarInsuranceErrorMessageTest"/>
        <method signature="CarInsuranceErrorMessageTest.clickCarInsuranceTest()[pri:1, instance:testcases.CarInsuranceErrorMessageTest@5bc9ba1d]" name="clickCarInsuranceTest" class="testcases.CarInsuranceErrorMessageTest"/>
        <method signature="CarInsuranceErrorMessageTest.clickProceedButtonTest()[pri:2, instance:testcases.CarInsuranceErrorMessageTest@5bc9ba1d]" name="clickProceedButtonTest" class="testcases.CarInsuranceErrorMessageTest"/>
        <method signature="CarInsuranceErrorMessageTest.fillDetailsTest()[pri:9, instance:testcases.CarInsuranceErrorMessageTest@5bc9ba1d]" name="fillDetailsTest" class="testcases.CarInsuranceErrorMessageTest"/>
        <method signature="CarInsuranceErrorMessageTest.selectCarBrandTest()[pri:4, instance:testcases.CarInsuranceErrorMessageTest@5bc9ba1d]" name="selectCarBrandTest" class="testcases.CarInsuranceErrorMessageTest"/>
        <method signature="CarInsuranceErrorMessageTest.selectCarModelTest()[pri:5, instance:testcases.CarInsuranceErrorMessageTest@5bc9ba1d]" name="selectCarModelTest" class="testcases.CarInsuranceErrorMessageTest"/>
        <method signature="CarInsuranceErrorMessageTest.selectCarVariantTest()[pri:7, instance:testcases.CarInsuranceErrorMessageTest@5bc9ba1d]" name="selectCarVariantTest" class="testcases.CarInsuranceErrorMessageTest"/>
        <method signature="CarInsuranceErrorMessageTest.selectCityTest()[pri:3, instance:testcases.CarInsuranceErrorMessageTest@5bc9ba1d]" name="selectCityTest" class="testcases.CarInsuranceErrorMessageTest"/>
        <method signature="CarInsuranceErrorMessageTest.selectYearTest()[pri:8, instance:testcases.CarInsuranceErrorMessageTest@5bc9ba1d]" name="selectYearTest" class="testcases.CarInsuranceErrorMessageTest"/>
        <method signature="CarInsuranceErrorMessageTest.takeScreenshotTest()[pri:10, instance:testcases.CarInsuranceErrorMessageTest@5bc9ba1d]" name="takeScreenshotTest" class="testcases.CarInsuranceErrorMessageTest"/>
        <method signature="HealthInsuranceMenuItemsTest.listValuesTest()[pri:1, instance:testcases.HealthInsuranceMenuItemsTest@2974f221]" name="listValuesTest" class="testcases.HealthInsuranceMenuItemsTest"/>
        <method signature="TravelInsuranceDetailsTest.checkExcelData(java.lang.String)[pri:2, instance:testcases.TravelInsuranceDetailsTest@68b6f0d6]" name="checkExcelData" class="testcases.TravelInsuranceDetailsTest"/>
        <method signature="TravelInsuranceDetailsTest.homePageTitle()[pri:1, instance:testcases.TravelInsuranceDetailsTest@68b6f0d6]" name="homePageTitle" class="testcases.TravelInsuranceDetailsTest"/>
      </group> <!-- Default -->
    </groups>
    <test started-at="2021-04-16T09:39:18 IST" name="Surefire test" finished-at="2021-04-16T09:42:43 IST" duration-ms="204795">
      <class name="testcases.CarInsuranceErrorMessageTest">
        <test-method is-config="true" signature="setup()[pri:0, instance:testcases.CarInsuranceErrorMessageTest@5bc9ba1d]" started-at="2021-04-16T09:39:18 IST" name="setup" finished-at="2021-04-16T09:39:23 IST" duration-ms="5050" status="PASS">
          <reporter-output>
          </reporter-output>
        </test-method> <!-- setup -->
        <test-method signature="clickCarInsuranceTest()[pri:1, instance:testcases.CarInsuranceErrorMessageTest@5bc9ba1d]" started-at="2021-04-16T09:39:24 IST" name="clickCarInsuranceTest" finished-at="2021-04-16T09:39:32 IST" duration-ms="8792" status="PASS">
          <reporter-output>
          </reporter-output>
        </test-method> <!-- clickCarInsuranceTest -->
        <test-method is-config="true" signature="flushReports()[pri:0, instance:testcases.CarInsuranceErrorMessageTest@5bc9ba1d]" started-at="2021-04-16T09:39:32 IST" name="flushReports" finished-at="2021-04-16T09:39:35 IST" duration-ms="2534" status="PASS">
          <reporter-output>
          </reporter-output>
        </test-method> <!-- flushReports -->
        <test-method signature="clickProceedButtonTest()[pri:2, instance:testcases.CarInsuranceErrorMessageTest@5bc9ba1d]" started-at="2021-04-16T09:39:35 IST" name="clickProceedButtonTest" finished-at="2021-04-16T09:39:40 IST" duration-ms="5117" status="PASS">
          <reporter-output>
          </reporter-output>
        </test-method> <!-- clickProceedButtonTest -->
        <test-method is-config="true" signature="flushReports()[pri:0, instance:testcases.CarInsuranceErrorMessageTest@5bc9ba1d]" started-at="2021-04-16T09:39:40 IST" name="flushReports" finished-at="2021-04-16T09:39:40 IST" duration-ms="486" status="PASS">
          <reporter-output>
          </reporter-output>
        </test-method> <!-- flushReports -->
        <test-method signature="selectCityTest()[pri:3, instance:testcases.CarInsuranceErrorMessageTest@5bc9ba1d]" started-at="2021-04-16T09:39:40 IST" name="selectCityTest" finished-at="2021-04-16T09:39:43 IST" duration-ms="2053" status="PASS">
          <reporter-output>
          </reporter-output>
        </test-method> <!-- selectCityTest -->
        <test-method is-config="true" signature="flushReports()[pri:0, instance:testcases.CarInsuranceErrorMessageTest@5bc9ba1d]" started-at="2021-04-16T09:39:43 IST" name="flushReports" finished-at="2021-04-16T09:39:43 IST" duration-ms="300" status="PASS">
          <reporter-output>
          </reporter-output>
        </test-method> <!-- flushReports -->
        <test-method signature="selectCarBrandTest()[pri:4, instance:testcases.CarInsuranceErrorMessageTest@5bc9ba1d]" started-at="2021-04-16T09:39:43 IST" name="selectCarBrandTest" finished-at="2021-04-16T09:39:44 IST" duration-ms="1215" status="PASS">
          <reporter-output>
          </reporter-output>
        </test-method> <!-- selectCarBrandTest -->
        <test-method is-config="true" signature="flushReports()[pri:0, instance:testcases.CarInsuranceErrorMessageTest@5bc9ba1d]" started-at="2021-04-16T09:39:44 IST" name="flushReports" finished-at="2021-04-16T09:39:44 IST" duration-ms="295" status="PASS">
          <reporter-output>
          </reporter-output>
        </test-method> <!-- flushReports -->
        <test-method signature="selectCarModelTest()[pri:5, instance:testcases.CarInsuranceErrorMessageTest@5bc9ba1d]" started-at="2021-04-16T09:39:44 IST" name="selectCarModelTest" finished-at="2021-04-16T09:39:45 IST" duration-ms="875" status="PASS">
          <reporter-output>
          </reporter-output>
        </test-method> <!-- selectCarModelTest -->
        <test-method is-config="true" signature="flushReports()[pri:0, instance:testcases.CarInsuranceErrorMessageTest@5bc9ba1d]" started-at="2021-04-16T09:39:45 IST" name="flushReports" finished-at="2021-04-16T09:39:46 IST" duration-ms="385" status="PASS">
          <reporter-output>
          </reporter-output>
        </test-method> <!-- flushReports -->
        <test-method signature="chooseFuelTypeTest()[pri:6, instance:testcases.CarInsuranceErrorMessageTest@5bc9ba1d]" started-at="2021-04-16T09:39:46 IST" name="chooseFuelTypeTest" finished-at="2021-04-16T09:39:47 IST" duration-ms="1122" status="PASS">
          <reporter-output>
          </reporter-output>
        </test-method> <!-- chooseFuelTypeTest -->
        <test-method is-config="true" signature="flushReports()[pri:0, instance:testcases.CarInsuranceErrorMessageTest@5bc9ba1d]" started-at="2021-04-16T09:39:47 IST" name="flushReports" finished-at="2021-04-16T09:39:47 IST" duration-ms="294" status="PASS">
          <reporter-output>
          </reporter-output>
        </test-method> <!-- flushReports -->
        <test-method signature="selectCarVariantTest()[pri:7, instance:testcases.CarInsuranceErrorMessageTest@5bc9ba1d]" started-at="2021-04-16T09:39:47 IST" name="selectCarVariantTest" finished-at="2021-04-16T09:39:48 IST" duration-ms="632" status="PASS">
          <reporter-output>
          </reporter-output>
        </test-method> <!-- selectCarVariantTest -->
        <test-method is-config="true" signature="flushReports()[pri:0, instance:testcases.CarInsuranceErrorMessageTest@5bc9ba1d]" started-at="2021-04-16T09:39:48 IST" name="flushReports" finished-at="2021-04-16T09:39:48 IST" duration-ms="234" status="PASS">
          <reporter-output>
          </reporter-output>
        </test-method> <!-- flushReports -->
        <test-method signature="selectYearTest()[pri:8, instance:testcases.CarInsuranceErrorMessageTest@5bc9ba1d]" started-at="2021-04-16T09:39:48 IST" name="selectYearTest" finished-at="2021-04-16T09:39:49 IST" duration-ms="1100" status="PASS">
          <reporter-output>
          </reporter-output>
        </test-method> <!-- selectYearTest -->
        <test-method is-config="true" signature="flushReports()[pri:0, instance:testcases.CarInsuranceErrorMessageTest@5bc9ba1d]" started-at="2021-04-16T09:39:49 IST" name="flushReports" finished-at="2021-04-16T09:39:49 IST" duration-ms="407" status="PASS">
          <reporter-output>
          </reporter-output>
        </test-method> <!-- flushReports -->
        <test-method signature="fillDetailsTest()[pri:9, instance:testcases.CarInsuranceErrorMessageTest@5bc9ba1d]" started-at="2021-04-16T09:39:49 IST" name="fillDetailsTest" finished-at="2021-04-16T09:40:12 IST" duration-ms="22974" status="PASS">
          <reporter-output>
          </reporter-output>
        </test-method> <!-- fillDetailsTest -->
        <test-method is-config="true" signature="flushReports()[pri:0, instance:testcases.CarInsuranceErrorMessageTest@5bc9ba1d]" started-at="2021-04-16T09:40:12 IST" name="flushReports" finished-at="2021-04-16T09:40:13 IST" duration-ms="325" status="PASS">
          <reporter-output>
          </reporter-output>
        </test-method> <!-- flushReports -->
        <test-method signature="takeScreenshotTest()[pri:10, instance:testcases.CarInsuranceErrorMessageTest@5bc9ba1d]" started-at="2021-04-16T09:40:13 IST" name="takeScreenshotTest" finished-at="2021-04-16T09:40:14 IST" duration-ms="1722" status="PASS">
          <reporter-output>
          </reporter-output>
        </test-method> <!-- takeScreenshotTest -->
        <test-method is-config="true" signature="flushReports()[pri:0, instance:testcases.CarInsuranceErrorMessageTest@5bc9ba1d]" started-at="2021-04-16T09:40:14 IST" name="flushReports" finished-at="2021-04-16T09:40:15 IST" duration-ms="230" status="PASS">
          <reporter-output>
          </reporter-output>
        </test-method> <!-- flushReports -->
      </class> <!-- testcases.CarInsuranceErrorMessageTest -->
      <class name="testcases.TravelInsuranceDetailsTest">
        <test-method is-config="true" signature="setup()[pri:0, instance:testcases.TravelInsuranceDetailsTest@68b6f0d6]" started-at="2021-04-16T09:38:16 IST" name="setup" finished-at="2021-04-16T09:39:18 IST" duration-ms="62289" status="PASS">
          <reporter-output>
          </reporter-output>
        </test-method> <!-- setup -->
        <test-method signature="homePageTitle()[pri:1, instance:testcases.TravelInsuranceDetailsTest@68b6f0d6]" started-at="2021-04-16T09:40:33 IST" name="homePageTitle" finished-at="2021-04-16T09:40:54 IST" duration-ms="21058" status="PASS">
          <reporter-output>
          </reporter-output>
        </test-method> <!-- homePageTitle -->
        <test-method is-config="true" signature="flushReports()[pri:0, instance:testcases.TravelInsuranceDetailsTest@68b6f0d6]" started-at="2021-04-16T09:40:54 IST" name="flushReports" finished-at="2021-04-16T09:40:54 IST" duration-ms="263" status="PASS">
          <reporter-output>
          </reporter-output>
        </test-method> <!-- flushReports -->
        <test-method signature="checkExcelData(java.lang.String)[pri:2, instance:testcases.TravelInsuranceDetailsTest@68b6f0d6]" started-at="2021-04-16T09:40:55 IST" name="checkExcelData" data-provider="dp" finished-at="2021-04-16T09:41:51 IST" duration-ms="56420" status="PASS">
          <params>
            <param index="0">
              <value>
                <![CDATA[France]]>
              </value>
            </param>
          </params>
          <reporter-output>
          </reporter-output>
        </test-method> <!-- checkExcelData -->
        <test-method is-config="true" signature="flushReports()[pri:0, instance:testcases.TravelInsuranceDetailsTest@68b6f0d6]" started-at="2021-04-16T09:41:51 IST" name="flushReports" finished-at="2021-04-16T09:41:51 IST" duration-ms="491" status="PASS">
          <reporter-output>
          </reporter-output>
        </test-method> <!-- flushReports -->
        <test-method signature="checkExcelData(java.lang.String)[pri:2, instance:testcases.TravelInsuranceDetailsTest@68b6f0d6]" started-at="2021-04-16T09:41:51 IST" name="checkExcelData" data-provider="dp" finished-at="2021-04-16T09:42:43 IST" duration-ms="51451" status="PASS">
          <params>
            <param index="0">
              <value>
                <![CDATA[Italy]]>
              </value>
            </param>
          </params>
          <reporter-output>
          </reporter-output>
        </test-method> <!-- checkExcelData -->
        <test-method is-config="true" signature="flushReports()[pri:0, instance:testcases.TravelInsuranceDetailsTest@68b6f0d6]" started-at="2021-04-16T09:42:43 IST" name="flushReports" finished-at="2021-04-16T09:42:43 IST" duration-ms="258" status="PASS">
          <reporter-output>
          </reporter-output>
        </test-method> <!-- flushReports -->
      </class> <!-- testcases.TravelInsuranceDetailsTest -->
      <class name="testcases.HealthInsuranceMenuItemsTest">
        <test-method is-config="true" signature="setup()[pri:0, instance:testcases.HealthInsuranceMenuItemsTest@2974f221]" started-at="2021-04-16T09:40:15 IST" name="setup" finished-at="2021-04-16T09:40:23 IST" duration-ms="7961" status="PASS">
          <reporter-output>
          </reporter-output>
        </test-method> <!-- setup -->
        <test-method signature="listValuesTest()[pri:1, instance:testcases.HealthInsuranceMenuItemsTest@2974f221]" started-at="2021-04-16T09:40:23 IST" name="listValuesTest" finished-at="2021-04-16T09:40:32 IST" duration-ms="9675" status="PASS">
          <reporter-output>
          </reporter-output>
        </test-method> <!-- listValuesTest -->
        <test-method is-config="true" signature="flushReports()[pri:0, instance:testcases.HealthInsuranceMenuItemsTest@2974f221]" started-at="2021-04-16T09:40:32 IST" name="flushReports" finished-at="2021-04-16T09:40:33 IST" duration-ms="655" status="PASS">
          <reporter-output>
          </reporter-output>
        </test-method> <!-- flushReports -->
        <test-method is-config="true" signature="closeBrowser()[pri:0, instance:testcases.HealthInsuranceMenuItemsTest@2974f221]" started-at="2021-04-16T09:42:43 IST" name="closeBrowser" finished-at="2021-04-16T09:42:48 IST" duration-ms="4712" status="PASS">
          <reporter-output>
          </reporter-output>
        </test-method> <!-- closeBrowser -->
      </class> <!-- testcases.HealthInsuranceMenuItemsTest -->
    </test> <!-- Surefire test -->
  </suite> <!-- Surefire suite -->
</testng-results>
